<?xml version="1.0" encoding="UTF-8"?>
<testsuite xmlns:xsi="http://www.w3.org/2001/XMLSchema-instance" xsi:noNamespaceSchemaLocation="https://maven.apache.org/surefire/maven-surefire-plugin/xsd/surefire-test-report.xsd" version="3.0.2" name="com.taskmanager.app.TaskControllerIntegrationTest" time="4.116" tests="9" errors="0" skipped="0" failures="0">
  <properties>
[...]
</properties>
  <testcase name="createTask_missingTitle_returns400WithMessage" classname="com.taskmanager.app.TaskControllerIntegrationTest" time="0.158">
    <system-out><![CDATA[15:44:48.531 [main] INFO org.springframework.test.context.support.AnnotationConfigContextLoaderUtils -- Could not detect default configuration classes for test class [com.taskmanager.app.TaskControllerIntegrationTest]: TaskControllerIntegrationTest does not declare any static, non-private, non-final, nested classes annotated with @Configuration.
15:44:48.658 [main] INFO org.springframework.boot.test.context.SpringBootTestContextBootstrapper -- Found @SpringBootConfiguration com.taskmanager.app.TaskManagerApplication for test class com.taskmanager.app.TaskControllerIntegrationTest

  .   ____          _            __ _ _
 /\\ / ___'_ __ _ _(_)_ __  __ _ \ \ \ \
( ( )\___ | '_ | '_| | '_ \/ _` | \ \ \ \
 \\/  ___)| |_)| | | | | || (_| |  ) ) ) )
  '  |____| .__|_| |_|_| |_\__, | / / / /
 =========|_|==============|___/=/_/_/_/

 :: Spring Boot ::                (v3.4.5)

2026-04-28T15:44:49.068-04:00  INFO 42419 --- [personal-task-manager] [           main] c.t.app.TaskControllerIntegrationTest    : Starting TaskControllerIntegrationTest using Java 24.0.1 with PID 42419 (started by yaseral-hameedi in /Users/yaseral-hameedi/Desktop/task-manager/personal-task-manager)
2026-04-28T15:44:49.069-04:00  INFO 42419 --- [personal-task-manager] [           main] c.t.app.TaskControllerIntegrationTest    : No active profile set, falling back to 1 default profile: "default"
2026-04-28T15:44:49.635-04:00  INFO 42419 --- [personal-task-manager] [           main] .s.d.r.c.RepositoryConfigurationDelegate : Bootstrapping Spring Data JPA repositories in DEFAULT mode.
2026-04-28T15:44:49.692-04:00  INFO 42419 --- [personal-task-manager] [           main] .s.d.r.c.RepositoryConfigurationDelegate : Finished Spring Data repository scanning in 46 ms. Found 1 JPA repository interface.
2026-04-28T15:44:50.240-04:00  INFO 42419 --- [personal-task-manager] [           main] o.hibernate.jpa.internal.util.LogHelper  : HHH000204: Processing PersistenceUnitInfo [name: default]
2026-04-28T15:44:50.321-04:00  INFO 42419 --- [personal-task-manager] [           main] org.hibernate.Version                    : HHH000412: Hibernate ORM core version 6.6.13.Final
2026-04-28T15:44:50.368-04:00  INFO 42419 --- [personal-task-manager] [           main] o.h.c.internal.RegionFactoryInitiator    : HHH000026: Second-level cache disabled
2026-04-28T15:44:50.535-04:00  INFO 42419 --- [personal-task-manager] [           main] o.s.o.j.p.SpringPersistenceUnitInfo      : No LoadTimeWeaver setup: ignoring JPA class transformer
2026-04-28T15:44:50.573-04:00  INFO 42419 --- [personal-task-manager] [           main] com.zaxxer.hikari.HikariDataSource       : HikariPool-1 - Starting...
2026-04-28T15:44:50.767-04:00  INFO 42419 --- [personal-task-manager] [           main] com.zaxxer.hikari.pool.HikariPool        : HikariPool-1 - Added connection conn0: url=jdbc:h2:mem:taskdb user=SA
2026-04-28T15:44:50.769-04:00  INFO 42419 --- [personal-task-manager] [           main] com.zaxxer.hikari.HikariDataSource       : HikariPool-1 - Start completed.
2026-04-28T15:44:50.839-04:00  INFO 42419 --- [personal-task-manager] [           main] org.hibernate.orm.connections.pooling    : HHH10001005: Database info:
	Database JDBC URL [Connecting through datasource 'HikariDataSource (HikariPool-1)']
	Database driver: undefined/unknown
	Database version: 2.3.232
	Autocommit mode: undefined/unknown
	Isolation level: undefined/unknown
	Minimum pool size: undefined/unknown
	Maximum pool size: undefined/unknown
2026-04-28T15:44:51.546-04:00  INFO 42419 --- [personal-task-manager] [           main] o.h.e.t.j.p.i.JtaPlatformInitiator       : HHH000489: No JTA platform available (set 'hibernate.transaction.jta.platform' to enable JTA platform integration)
Hibernate: drop table if exists tasks cascade 
Hibernate: create table tasks (due_date date, id bigint generated by default as identity, description varchar(255), title varchar(255) not null, priority enum ('HIGH','LOW','MEDIUM') not null, status enum ('DONE','IN_PROGRESS','TODO') not null, primary key (id))
2026-04-28T15:44:51.580-04:00  INFO 42419 --- [personal-task-manager] [           main] j.LocalContainerEntityManagerFactoryBean : Initialized JPA EntityManagerFactory for persistence unit 'default'
2026-04-28T15:44:51.735-04:00  WARN 42419 --- [personal-task-manager] [           main] JpaBaseConfiguration$JpaWebConfiguration : spring.jpa.open-in-view is enabled by default. Therefore, database queries may be performed during view rendering. Explicitly configure spring.jpa.open-in-view to disable this warning
2026-04-28T15:44:51.764-04:00  INFO 42419 --- [personal-task-manager] [           main] o.s.b.a.w.s.WelcomePageHandlerMapping    : Adding welcome page: class path resource [static/index.html]
2026-04-28T15:44:52.232-04:00  INFO 42419 --- [personal-task-manager] [           main] o.s.b.a.h2.H2ConsoleAutoConfiguration    : H2 console available at '/h2-console'. Database available at 'jdbc:h2:mem:taskdb'
2026-04-28T15:44:52.294-04:00  INFO 42419 --- [personal-task-manager] [           main] o.s.b.t.m.w.SpringBootMockServletContext : Initializing Spring TestDispatcherServlet ''
2026-04-28T15:44:52.294-04:00  INFO 42419 --- [personal-task-manager] [           main] o.s.t.web.servlet.TestDispatcherServlet  : Initializing Servlet ''
2026-04-28T15:44:52.295-04:00  INFO 42419 --- [personal-task-manager] [           main] o.s.t.web.servlet.TestDispatcherServlet  : Completed initialization in 0 ms
2026-04-28T15:44:52.320-04:00  INFO 42419 --- [personal-task-manager] [           main] c.t.app.TaskControllerIntegrationTest    : Started TaskControllerIntegrationTest in 3.502 seconds (process running for 6.09)
]]></system-out>
  </testcase>
  <testcase name="getTaskById_returns200WithBody" classname="com.taskmanager.app.TaskControllerIntegrationTest" time="0.017"/>
  <testcase name="updateTask_returns200WithUpdatedBody" classname="com.taskmanager.app.TaskControllerIntegrationTest" time="0.009"/>
  <testcase name="deleteTask_unknownId_returns404WithMessage" classname="com.taskmanager.app.TaskControllerIntegrationTest" time="0.009"/>
  <testcase name="deleteTask_returns204" classname="com.taskmanager.app.TaskControllerIntegrationTest" time="0.007"/>
  <testcase name="createTask_returns201WithBody" classname="com.taskmanager.app.TaskControllerIntegrationTest" time="0.006"/>
  <testcase name="getAllTasks_returns200WithList" classname="com.taskmanager.app.TaskControllerIntegrationTest" time="0.013"/>
  <testcase name="getTaskById_unknownId_returns404WithMessage" classname="com.taskmanager.app.TaskControllerIntegrationTest" time="0.005"/>
  <testcase name="suggestTask_returns200WithSuggestion" classname="com.taskmanager.app.TaskControllerIntegrationTest" time="0.011"/>
</testsuite>